<?xml version="1.0" encoding="UTF-8"?>
<!-- Generated by org.testng.reporters.JUnitXMLReporter -->
<testsuite hostname="DESKTOPOFREJA" ignored="5" name="High priority test sets" tests="3" failures="0" timestamp="22 Nov 2018 03:31:38 GMT" time="0.985" errors="0">
  <testcase name="mouseOverByActions" time="0.955" classname="com.automationpractice.testng.TestngAnnotationsDemo"/>
  <testcase name="loginWithNormalUser" time="0.001" classname="com.automationpractice.testng.TestNGDemo"/>
  <testcase name="loginWithAdminUser" time="0.001" classname="com.automationpractice.testng.TestNGDemo"/>
  <testcase name="t2" time="0.0" classname="com.automationpractice.testng.TestngAnnotationsDemo">
    <ignored/>
  </testcase> <!-- t2 -->
  <testcase name="loginWithModeratorUser" time="0.0" classname="com.automationpractice.testng.TestNGDemo">
    <ignored/>
  </testcase> <!-- loginWithModeratorUser -->
  <testcase name="t1" time="0.0" classname="com.automationpractice.testng.TestngAnnotationsDemo">
    <ignored/>
  </testcase> <!-- t1 -->
  <testcase name="t4" time="0.0" classname="com.automationpractice.testng.TestngAnnotationsDemo">
    <ignored/>
  </testcase> <!-- t4 -->
  <testcase name="t3" time="0.0" classname="com.automationpractice.testng.TestngAnnotationsDemo">
    <ignored/>
  </testcase> <!-- t3 -->
</testsuite> <!-- High priority test sets -->
