<?xml version="1.0" encoding="UTF-8"?>
<!-- Generated by org.testng.reporters.JUnitXMLReporter -->
<testsuite hostname="DESKTOPOFREJA" ignored="1" name="tests with parameters" tests="1" failures="0" timestamp="24 Nov 2018 02:33:32 GMT" time="0.048" errors="0">
  <testcase name="login" time="0.015" classname="com.automationpractice.misc.TestNGParameterDemo"/>
  <testcase name="mortgageRate" time="0.0" classname="com.automationpractice.misc.TestNGParameterDemo">
    <ignored/>
  </testcase> <!-- mortgageRate -->
</testsuite> <!-- tests with parameters -->
