<?xml version="1.0" encoding="UTF-8"?>
<!-- Generated by org.testng.reporters.JUnitXMLReporter -->
<testsuite hostname="DESKTOPOFREJA" ignored="0" name="test with chrome browser" tests="8" failures="0" timestamp="22 Nov 2018 03:23:56 GMT" time="0.932" errors="0">
  <testcase name="mouseOverByActions" time="0.881" classname="com.automationpractice.testng.TestngAnnotationsDemo"/>
  <testcase name="t1" time="0.002" classname="com.automationpractice.testng.TestngAnnotationsDemo"/>
  <testcase name="t2" time="0.001" classname="com.automationpractice.testng.TestngAnnotationsDemo"/>
  <testcase name="t3" time="0.001" classname="com.automationpractice.testng.TestngAnnotationsDemo"/>
  <testcase name="t4" time="0.001" classname="com.automationpractice.testng.TestngAnnotationsDemo"/>
  <testcase name="loginWithAdminUser" time="0.001" classname="com.automationpractice.testng.TestNGDemo"/>
  <testcase name="loginWithModeratorUser" time="0.002" classname="com.automationpractice.testng.TestNGDemo"/>
  <testcase name="loginWithNormalUser" time="0.002" classname="com.automationpractice.testng.TestNGDemo"/>
</testsuite> <!-- test with chrome browser -->
