<?xml version="1.0" encoding="UTF-8"?>
<!-- Generated by org.testng.reporters.JUnitXMLReporter -->
<testsuite hostname="DESKTOPOFREJA" ignored="5" name="chrome tests" tests="1" failures="0" timestamp="24 Nov 2018 02:49:21 GMT" time="0.022" errors="0">
  <testcase name="@BeforeSuite init" time="0.016" classname="com.automationpractice.framework.TestBase">
    <failure type="java.lang.NullPointerException">
      <![CDATA[java.lang.NullPointerException
at com.automationpractice.framework.TestBase.init(TestBase.java:33)
... Removed 20 stack frames]]>
    </failure>
  </testcase> <!-- @BeforeSuite init -->
  <testcase name="browserTestWithParameter" time="0.0" classname="com.automationpractice.testng.TestngAnnotationsDemo">
    <skipped/>
  </testcase> <!-- browserTestWithParameter -->
  <testcase name="t2" time="0.0" classname="com.automationpractice.testng.TestngAnnotationsDemo">
    <ignored/>
  </testcase> <!-- t2 -->
  <testcase name="t1" time="0.0" classname="com.automationpractice.testng.TestngAnnotationsDemo">
    <ignored/>
  </testcase> <!-- t1 -->
  <testcase name="t4" time="0.0" classname="com.automationpractice.testng.TestngAnnotationsDemo">
    <ignored/>
  </testcase> <!-- t4 -->
  <testcase name="t3" time="0.0" classname="com.automationpractice.testng.TestngAnnotationsDemo">
    <ignored/>
  </testcase> <!-- t3 -->
  <testcase name="mouseOverByActions" time="0.0" classname="com.automationpractice.testng.TestngAnnotationsDemo">
    <ignored/>
  </testcase> <!-- mouseOverByActions -->
</testsuite> <!-- chrome tests -->
