<?xml version="1.0" encoding="UTF-8"?>
<!-- Generated by org.testng.reporters.JUnitXMLReporter -->
<testsuite hostname="DESKTOPOFREJA" ignored="2" name="tests with chrome" tests="4" failures="0" timestamp="27 Nov 2018 03:30:35 GMT" time="37.42" errors="0">
  <testcase name="t1" time="6.372" classname="com.automationpractice.testng.TestngAnnotationsDemo"/>
  <testcase name="t2" time="5.799" classname="com.automationpractice.testng.TestngAnnotationsDemo"/>
  <testcase name="t3" time="0.95" classname="com.automationpractice.testng.TestngAnnotationsDemo"/>
  <testcase name="t4" time="1.928" classname="com.automationpractice.testng.TestngAnnotationsDemo"/>
  <testcase name="browserTestWithParameter" time="0.0" classname="com.automationpractice.testng.TestngAnnotationsDemo">
    <ignored/>
  </testcase> <!-- browserTestWithParameter -->
  <testcase name="mouseOverByActions" time="0.0" classname="com.automationpractice.testng.TestngAnnotationsDemo">
    <ignored/>
  </testcase> <!-- mouseOverByActions -->
</testsuite> <!-- tests with chrome -->
