<?xml version="1.0" encoding="UTF-8"?>
<!-- Generated by org.testng.reporters.JUnitXMLReporter -->
<testsuite hostname="DESKTOPOFREJA" ignored="2" name="tests with internet explorer" tests="4" failures="0" timestamp="27 Nov 2018 03:30:31 GMT" time="33.75" errors="0">
  <testcase name="t1" time="8.763" classname="com.automationpractice.testng.TestngAnnotationsDemo"/>
  <testcase name="t2" time="10.799" classname="com.automationpractice.testng.TestngAnnotationsDemo"/>
  <testcase name="t3" time="1.121" classname="com.automationpractice.testng.TestngAnnotationsDemo"/>
  <testcase name="t4" time="2.477" classname="com.automationpractice.testng.TestngAnnotationsDemo"/>
  <testcase name="browserTestWithParameter" time="0.0" classname="com.automationpractice.testng.TestngAnnotationsDemo">
    <ignored/>
  </testcase> <!-- browserTestWithParameter -->
  <testcase name="mouseOverByActions" time="0.0" classname="com.automationpractice.testng.TestngAnnotationsDemo">
    <ignored/>
  </testcase> <!-- mouseOverByActions -->
</testsuite> <!-- tests with internet explorer -->
