<?xml version="1.0" encoding="UTF-8"?>
<testng-results skipped="0" failed="0" ignored="30" total="35" passed="5">
  <reporter-output>
  </reporter-output>
  <suite name="Integration test suite" duration-ms="55" started-at="2018-11-24T03:12:27Z" finished-at="2018-11-24T03:12:27Z">
    <groups>
      <group name="integration-test">
        <method signature="ClaimTests.claimedByCustomerService()[pri:0, instance:com.automationpractice.testnggroupdemo.ClaimTests@3abbfa04]" name="claimedByCustomerService" class="com.automationpractice.testnggroupdemo.ClaimTests"/>
        <method signature="ProductPurchaseTests.purchaseSingleItem()[pri:0, instance:com.automationpractice.testnggroupdemo.ProductPurchaseTests@598067a5]" name="purchaseSingleItem" class="com.automationpractice.testnggroupdemo.ProductPurchaseTests"/>
        <method signature="ProductPurchaseTests.purchaseWithExchange()[pri:0, instance:com.automationpractice.testnggroupdemo.ProductPurchaseTests@598067a5]" name="purchaseWithExchange" class="com.automationpractice.testnggroupdemo.ProductPurchaseTests"/>
        <method signature="TransactionsTests.ElectronicBankTransactions()[pri:0, instance:com.automationpractice.testnggroupdemo.TransactionsTests@3c0ecd4b]" name="ElectronicBankTransactions" class="com.automationpractice.testnggroupdemo.TransactionsTests"/>
        <method signature="TransactionsTests.paypalTransactions()[pri:0, instance:com.automationpractice.testnggroupdemo.TransactionsTests@3c0ecd4b]" name="paypalTransactions" class="com.automationpractice.testnggroupdemo.TransactionsTests"/>
      </group> <!-- integration-test -->
      <group name="funtional-test">
        <method signature="ProductPurchaseTests.purchaseSingleItem()[pri:0, instance:com.automationpractice.testnggroupdemo.ProductPurchaseTests@598067a5]" name="purchaseSingleItem" class="com.automationpractice.testnggroupdemo.ProductPurchaseTests"/>
      </group> <!-- funtional-test -->
    </groups>
    <test name="test with chrome browser" duration-ms="55" started-at="2018-11-24T03:12:27Z" finished-at="2018-11-24T03:12:27Z">
      <class name="com.automationpractice.testnggroupdemo.TransactionsTests">
        <test-method status="PASS" signature="ElectronicBankTransactions()[pri:0, instance:com.automationpractice.testnggroupdemo.TransactionsTests@3c0ecd4b]" name="ElectronicBankTransactions" duration-ms="3" started-at="2018-11-24T03:12:27Z" finished-at="2018-11-24T03:12:27Z">
          <reporter-output>
          </reporter-output>
        </test-method> <!-- ElectronicBankTransactions -->
        <test-method status="PASS" signature="paypalTransactions()[pri:0, instance:com.automationpractice.testnggroupdemo.TransactionsTests@3c0ecd4b]" name="paypalTransactions" duration-ms="2" started-at="2018-11-24T03:12:27Z" finished-at="2018-11-24T03:12:27Z">
          <reporter-output>
          </reporter-output>
        </test-method> <!-- paypalTransactions -->
      </class> <!-- com.automationpractice.testnggroupdemo.TransactionsTests -->
      <class name="com.automationpractice.testnggroupdemo.ProductPurchaseTests">
        <test-method status="PASS" signature="purchaseSingleItem()[pri:0, instance:com.automationpractice.testnggroupdemo.ProductPurchaseTests@598067a5]" name="purchaseSingleItem" duration-ms="3" started-at="2018-11-24T03:12:27Z" finished-at="2018-11-24T03:12:27Z">
          <reporter-output>
          </reporter-output>
        </test-method> <!-- purchaseSingleItem -->
        <test-method status="PASS" signature="purchaseWithExchange()[pri:0, instance:com.automationpractice.testnggroupdemo.ProductPurchaseTests@598067a5]" name="purchaseWithExchange" duration-ms="2" started-at="2018-11-24T03:12:27Z" finished-at="2018-11-24T03:12:27Z">
          <reporter-output>
          </reporter-output>
        </test-method> <!-- purchaseWithExchange -->
      </class> <!-- com.automationpractice.testnggroupdemo.ProductPurchaseTests -->
      <class name="com.automationpractice.testnggroupdemo.ClaimTests">
        <test-method status="PASS" signature="claimedByCustomerService()[pri:0, instance:com.automationpractice.testnggroupdemo.ClaimTests@3abbfa04]" name="claimedByCustomerService" duration-ms="10" started-at="2018-11-24T03:12:27Z" finished-at="2018-11-24T03:12:27Z">
          <reporter-output>
          </reporter-output>
        </test-method> <!-- claimedByCustomerService -->
      </class> <!-- com.automationpractice.testnggroupdemo.ClaimTests -->
    </test> <!-- test with chrome browser -->
  </suite> <!-- Integration test suite -->
</testng-results>
