<?xml version="1.0" encoding="UTF-8"?>
<!-- Generated by org.testng.reporters.JUnitXMLReporter -->
<testsuite hostname="DESKTOPOFREJA" ignored="30" name="test with chrome browser" tests="5" failures="0" timestamp="24 Nov 2018 03:12:27 GMT" time="0.055" errors="0">
  <testcase name="claimedByCustomerService" time="0.01" classname="com.automationpractice.testnggroupdemo.ClaimTests"/>
  <testcase name="purchaseSingleItem" time="0.003" classname="com.automationpractice.testnggroupdemo.ProductPurchaseTests"/>
  <testcase name="purchaseWithExchange" time="0.002" classname="com.automationpractice.testnggroupdemo.ProductPurchaseTests"/>
  <testcase name="ElectronicBankTransactions" time="0.003" classname="com.automationpractice.testnggroupdemo.TransactionsTests"/>
  <testcase name="paypalTransactions" time="0.002" classname="com.automationpractice.testnggroupdemo.TransactionsTests"/>
  <testcase name="returnPurchase" time="0.0" classname="com.automationpractice.testnggroupdemo.ProductPurchaseTests">
    <ignored/>
  </testcase> <!-- returnPurchase -->
  <testcase name="Send_message_using_contact_us_form_other_001" time="0.0" classname="com.automationpractice.other.OtherTests">
    <ignored/>
  </testcase> <!-- Send_message_using_contact_us_form_other_001 -->
  <testcase name="switchToFrameDemo" time="0.0" classname="com.automationpractice.misc.DriverSwitchDemo">
    <ignored/>
  </testcase> <!-- switchToFrameDemo -->
  <testcase name="product_image_view_search_003" time="0.0" classname="com.automationpractice.search.SearchTests">
    <ignored/>
  </testcase> <!-- product_image_view_search_003 -->
  <testcase name="uploadFileBySendKeys" time="0.0" classname="com.automationpractice.misc.FileUploadDemo">
    <ignored/>
  </testcase> <!-- uploadFileBySendKeys -->
  <testcase name="creditCardTransactions" time="0.0" classname="com.automationpractice.testnggroupdemo.TransactionsTests">
    <ignored/>
  </testcase> <!-- creditCardTransactions -->
  <testcase name="browserTestWithParameter" time="0.0" classname="com.automationpractice.testng.TestngAnnotationsDemo">
    <ignored/>
  </testcase> <!-- browserTestWithParameter -->
  <testcase name="t4" time="0.0" classname="com.automationpractice.testng.TestngAnnotationsDemo">
    <ignored/>
  </testcase> <!-- t4 -->
  <testcase name="keyPressByActions" time="0.0" classname="com.automationpractice.misc.ActionsDemo">
    <ignored/>
  </testcase> <!-- keyPressByActions -->
  <testcase name="mouseOverByActions" time="0.0" classname="com.automationpractice.testng.TestngAnnotationsDemo">
    <ignored/>
  </testcase> <!-- mouseOverByActions -->
  <testcase name="claimedByCustomer" time="0.0" classname="com.automationpractice.testnggroupdemo.ClaimTests">
    <ignored/>
  </testcase> <!-- claimedByCustomer -->
  <testcase name="dragnDropByActions" time="0.0" classname="com.automationpractice.misc.ActionsDemo">
    <ignored/>
  </testcase> <!-- dragnDropByActions -->
  <testcase name="loginWithNormalUser" time="0.0" classname="com.automationpractice.testng.TestNGDemo">
    <ignored/>
  </testcase> <!-- loginWithNormalUser -->
  <testcase name="loginWithModeratorUser" time="0.0" classname="com.automationpractice.testng.TestNGDemo">
    <ignored/>
  </testcase> <!-- loginWithModeratorUser -->
  <testcase name="standardClaim" time="0.0" classname="com.automationpractice.testnggroupdemo.ClaimTests">
    <ignored/>
  </testcase> <!-- standardClaim -->
  <testcase name="mortgageRate" time="0.0" classname="com.automationpractice.misc.TestNGParameterDemo">
    <ignored/>
  </testcase> <!-- mortgageRate -->
  <testcase name="explicitWaitDemo" time="0.0" classname="com.automationpractice.misc.ImplicitAndExplicitDemo">
    <ignored/>
  </testcase> <!-- explicitWaitDemo -->
  <testcase name="loginWithAdminUser" time="0.0" classname="com.automationpractice.testng.TestNGDemo">
    <ignored/>
  </testcase> <!-- loginWithAdminUser -->
  <testcase name="demoAssert" time="0.0" classname="com.automationpractice.misc.DemoAssert">
    <ignored/>
  </testcase> <!-- demoAssert -->
  <testcase name="implicitDemo" time="0.0" classname="com.automationpractice.misc.rkreja">
    <ignored/>
  </testcase> <!-- implicitDemo -->
  <testcase name="selectLanguage" time="0.0" classname="com.automationpractice.misc.SelectObjectDemo">
    <ignored/>
  </testcase> <!-- selectLanguage -->
  <testcase name="login" time="0.0" classname="com.automationpractice.misc.TestNGParameterDemo">
    <ignored/>
  </testcase> <!-- login -->
  <testcase name="demoAlertPopup" time="0.0" classname="com.automationpractice.misc.DriverSwitchDemo">
    <ignored/>
  </testcase> <!-- demoAlertPopup -->
  <testcase name="t2" time="0.0" classname="com.automationpractice.testng.TestngAnnotationsDemo">
    <ignored/>
  </testcase> <!-- t2 -->
  <testcase name="implicitWaitDemo" time="0.0" classname="com.automationpractice.misc.ImplicitAndExplicitDemo">
    <ignored/>
  </testcase> <!-- implicitWaitDemo -->
  <testcase name="t1" time="0.0" classname="com.automationpractice.testng.TestngAnnotationsDemo">
    <ignored/>
  </testcase> <!-- t1 -->
  <testcase name="testOne" time="0.0" classname="com.automationpractice.misc.AssertDemo">
    <ignored/>
  </testcase> <!-- testOne -->
  <testcase name="mouseOverByActions" time="0.0" classname="com.automationpractice.misc.ActionsDemo">
    <ignored/>
  </testcase> <!-- mouseOverByActions -->
  <testcase name="t3" time="0.0" classname="com.automationpractice.testng.TestngAnnotationsDemo">
    <ignored/>
  </testcase> <!-- t3 -->
  <testcase name="login_with_vaid_userid_and_password" time="0.0" classname="com.automationpractice.login.LoginTests">
    <ignored/>
  </testcase> <!-- login_with_vaid_userid_and_password -->
</testsuite> <!-- test with chrome browser -->
